<?xml version="1.0" encoding="UTF-8"?>
<!-- Generated by org.testng.reporters.JUnitReportReporter -->
<testsuite hostname="Sachin-PC" name="testng.TestNGPriorityDemo" tests="3" failures="0" timestamp="30 Jun 2020 09:52:23 GMT" time="0.056" errors="0">
  <testcase name="one" time="0.007" classname="testng.TestNGPriorityDemo"/>
  <testcase name="ade" time="0.045" classname="testng.TestNGPriorityDemo"/>
  <testcase name="abc" time="0.004" classname="testng.TestNGPriorityDemo"/>
</testsuite> <!-- testng.TestNGPriorityDemo -->
