<?xml version="1.0" encoding="UTF-8"?>
<!-- Generated by org.testng.reporters.JUnitReportReporter -->
<testsuite hostname="Sachin-PC" name="test.TestNG_demo" tests="1" failures="0" timestamp="29 Jun 2020 10:22:26 GMT" time="5.465" errors="0">
  <testcase name="practiceForm" time="5.465" classname="test.TestNG_demo"/>
</testsuite> <!-- test.TestNG_demo -->
