<?xml version="1.0" encoding="UTF-8"?>
<!-- Generated by org.testng.reporters.JUnitReportReporter -->
<testsuite skipped="1" hostname="Sachin-PC" name="listeners.TestNGListenerDemo2" tests="3" failures="0" timestamp="02 Jul 2020 10:13:52 GMT" time="0.041" errors="0">
  <testcase name="Test5" time="0.003" classname="listeners.TestNGListenerDemo2"/>
  <testcase name="Test4" time="0.002" classname="listeners.TestNGListenerDemo2"/>
  <testcase name="Test6" time="0.036" classname="listeners.TestNGListenerDemo2">
    <skipped/>
  </testcase> <!-- Test6 -->
</testsuite> <!-- listeners.TestNGListenerDemo2 -->
