<?xml version="1.0" encoding="UTF-8"?>
<!-- Generated by org.testng.reporters.JUnitReportReporter -->
<testsuite hostname="Sachin-PC" name="test.TestNG_demo2" tests="1" failures="0" timestamp="25 Jun 2020 11:49:56 GMT" time="25.888" errors="0">
  <testcase name="practiceForm2" time="25.888" classname="test.TestNG_demo2"/>
</testsuite> <!-- test.TestNG_demo2 -->
