<?xml version="1.0" encoding="UTF-8"?>
<!-- Generated by org.testng.reporters.JUnitReportReporter -->
<testsuite hostname="Sachin-PC" name="test.ExtentReportsTestNG" tests="1" failures="0" timestamp="24 Jun 2020 12:08:09 GMT" time="12.698" errors="0">
  <testcase name="test1" time="12.698" classname="test.ExtentReportsTestNG"/>
</testsuite> <!-- test.ExtentReportsTestNG -->
