<?xml version="1.0" encoding="UTF-8"?>
<!-- Generated by org.testng.reporters.JUnitReportReporter -->
<testsuite hostname="Sachin-PC" name="util.ExcelDataProvider" tests="3" failures="0" timestamp="29 Jun 2020 11:21:48 GMT" time="14.299" errors="0">
  <testcase name="test1" time="3.372" classname="util.ExcelDataProvider"/>
  <testcase name="test1" time="3.314" classname="util.ExcelDataProvider"/>
  <testcase name="test1" time="7.613" classname="util.ExcelDataProvider"/>
</testsuite> <!-- util.ExcelDataProvider -->
