<?xml version="1.0" encoding="UTF-8"?>
<!-- Generated by org.testng.reporters.JUnitReportReporter -->
<testsuite skipped="1" hostname="Sachin-PC" name="testng.TestNGIgnoreDemo" tests="2" failures="0" timestamp="01 Jul 2020 12:15:15 GMT" time="0.031" errors="0">
  <testcase name="test2" time="0.031" classname="testng.TestNGIgnoreDemo"/>
  <testcase name="test1" classname="testng.TestNGIgnoreDemo">
    <skipped/>
  </testcase> <!-- test1 -->
</testsuite> <!-- testng.TestNGIgnoreDemo -->
