<?xml version="1.0" encoding="UTF-8"?>
<!-- Generated by org.testng.reporters.JUnitReportReporter -->
<testsuite hostname="Sachin-PC" name="testng.TestNGGroupDemo" tests="4" failures="0" timestamp="1 Jul 2020 07:27:51 GMT" time="0.048" errors="0">
  <testcase name="test4" time="0.013" classname="testng.TestNGGroupDemo"/>
  <testcase name="test2" time="0.002" classname="testng.TestNGGroupDemo"/>
  <testcase name="test3" time="0.004" classname="testng.TestNGGroupDemo"/>
  <testcase name="test1" time="0.029" classname="testng.TestNGGroupDemo"/>
</testsuite> <!-- testng.TestNGGroupDemo -->
