<?xml version="1.0" encoding="UTF-8"?>
<!-- Generated by org.testng.reporters.JUnitReportReporter -->
<testsuite hostname="Sachin-PC" name="testng.TestNGDependencyDemo" tests="3" failures="0" timestamp="1 Jul 2020 10:52:03 GMT" time="0.058" errors="0">
  <testcase name="test1" time="0.007" classname="testng.TestNGDependencyDemo"/>
  <testcase name="test3" time="0.002" classname="testng.TestNGDependencyDemo"/>
  <testcase name="test2" time="0.049" classname="testng.TestNGDependencyDemo"/>
</testsuite> <!-- testng.TestNGDependencyDemo -->
