<?xml version="1.0" encoding="UTF-8"?>
<!-- Generated by org.testng.reporters.JUnitReportReporter -->
<testsuite hostname="Sachin-PC" name="demo.TestNGPriorityDemo" tests="3" failures="0" timestamp="30 Jun 2020 09:43:49 GMT" time="0.078" errors="0">
  <testcase name="test3" time="0.003" classname="demo.TestNGPriorityDemo"/>
  <testcase name="test2" time="0.071" classname="demo.TestNGPriorityDemo"/>
  <testcase name="test1" time="0.004" classname="demo.TestNGPriorityDemo"/>
</testsuite> <!-- demo.TestNGPriorityDemo -->
